<?xml version="1.0" encoding="UTF-8"?>
<robot generator="Robot 4.1.3 (Python 3.10.0 on win32)" generated="20220917 20:40:33.561" rpa="false" schemaversion="2">
<suite id="s1" name="Dupli" source="C:\Users\venky\PycharmProjects\pythonProject\dupli.robot">
<test id="s1-t1" name="Validate UnSuccesful Login">
<kw name="open the browser with the Mortgage payment url">
<kw name="Create Webdriver" library="SeleniumLibrary">
<arg>${open browser}</arg>
<doc>Creates an instance of Selenium WebDriver.</doc>
<msg timestamp="20220917 20:40:35.671" level="INFO">Creating an instance of the Chrome WebDriver.</msg>
<status status="PASS" starttime="20220917 20:40:35.671" endtime="20220917 20:40:41.008"/>
</kw>
<kw name="Go To" library="SeleniumLibrary">
<arg>https://rahulshettyacademy.com/loginpagePractise/</arg>
<doc>Navigates the current browser window to the provided ``url``.</doc>
<msg timestamp="20220917 20:40:41.008" level="INFO">Opening url 'https://rahulshettyacademy.com/loginpagePractise/'</msg>
<status status="PASS" starttime="20220917 20:40:41.008" endtime="20220917 20:40:44.511"/>
</kw>
<status status="PASS" starttime="20220917 20:40:35.671" endtime="20220917 20:40:44.511"/>
</kw>
<kw name="Fill the login Form">
<kw name="Input Text" library="SeleniumLibrary">
<arg>id:username</arg>
<arg>rahulshettyacademy</arg>
<doc>Types the given ``text`` into the text field identified by ``locator``.</doc>
<msg timestamp="20220917 20:40:44.511" level="INFO">Typing text 'rahulshettyacademy' into text field 'id:username'.</msg>
<status status="PASS" starttime="20220917 20:40:44.511" endtime="20220917 20:40:44.708"/>
</kw>
<kw name="Input Password" library="SeleniumLibrary">
<arg>id:password</arg>
<arg>12345678</arg>
<doc>Types the given password into the text field identified by ``locator``.</doc>
<msg timestamp="20220917 20:40:44.708" level="INFO">Typing password into text field 'id:password'.</msg>
<msg timestamp="20220917 20:40:44.771" level="INFO">Temporally setting log level to: NONE</msg>
<msg timestamp="20220917 20:40:44.872" level="INFO">Log level changed from NONE to INFO.</msg>
<status status="PASS" starttime="20220917 20:40:44.708" endtime="20220917 20:40:44.873"/>
</kw>
<kw name="Click Button" library="SeleniumLibrary">
<arg>signInBtn</arg>
<doc>Clicks the button identified by ``locator``.</doc>
<msg timestamp="20220917 20:40:44.873" level="INFO">Clicking button 'signInBtn'.</msg>
<status status="PASS" starttime="20220917 20:40:44.873" endtime="20220917 20:40:44.960"/>
</kw>
<status status="PASS" starttime="20220917 20:40:44.511" endtime="20220917 20:40:44.961"/>
</kw>
<kw name="wait until it checks and display error message">
<kw name="Wait Until Element Is Visible" library="SeleniumLibrary">
<arg>${Error_Message_Login}</arg>
<doc>Waits until the element ``locator`` is visible.</doc>
<status status="PASS" starttime="20220917 20:40:44.962" endtime="20220917 20:40:47.037"/>
</kw>
<status status="PASS" starttime="20220917 20:40:44.961" endtime="20220917 20:40:47.038"/>
</kw>
<kw name="verify error message is correct">
<kw name="Get Text" library="SeleniumLibrary">
<var>${result}</var>
<arg>${Error_Message_Login}</arg>
<doc>Returns the text value of the element identified by ``locator``.</doc>
<msg timestamp="20220917 20:40:47.390" level="INFO">${result} = Incorrect username/password.</msg>
<status status="PASS" starttime="20220917 20:40:47.040" endtime="20220917 20:40:47.390"/>
</kw>
<kw name="Should Be Equal As Strings" library="BuiltIn">
<arg>${result}</arg>
<arg>Incorrect username/password.</arg>
<doc>Fails if objects are unequal after converting them to strings.</doc>
<status status="PASS" starttime="20220917 20:40:47.390" endtime="20220917 20:40:47.392"/>
</kw>
<kw name="Element Text Should Be" library="SeleniumLibrary">
<arg>${Error_Message_Login}</arg>
<arg>Incorrect username/password.</arg>
<doc>Verifies that element ``locator`` contains exact the text ``expected``.</doc>
<msg timestamp="20220917 20:40:47.394" level="INFO">Verifying element 'css:.alert-danger' contains exact text 'Incorrect username/password.'.</msg>
<status status="PASS" starttime="20220917 20:40:47.393" endtime="20220917 20:40:47.428"/>
</kw>
<status status="PASS" starttime="20220917 20:40:47.039" endtime="20220917 20:40:47.429"/>
</kw>
<kw name="Close Browser" library="SeleniumLibrary" type="TEARDOWN">
<doc>Closes the current browser.</doc>
<status status="PASS" starttime="20220917 20:40:47.430" endtime="20220917 20:40:49.759"/>
</kw>
<status status="PASS" starttime="20220917 20:40:35.671" endtime="20220917 20:40:49.759"/>
</test>
<doc>To validate the Login form</doc>
<status status="PASS" starttime="20220917 20:40:33.561" endtime="20220917 20:40:49.759"/>
</suite>
<statistics>
<total>
<stat pass="1" fail="0" skip="0">All Tests</stat>
</total>
<tag>
</tag>
<suite>
<stat pass="1" fail="0" skip="0" id="s1" name="Dupli">Dupli</stat>
</suite>
</statistics>
<errors>
<msg timestamp="20220917 20:40:33.561" level="ERROR">Error in file 'C:\Users\venky\PycharmProjects\pythonProject\dupli.robot' on line 11: Setting variable 'ro' failed: Invalid variable name 'ro'.</msg>
</errors>
</robot>
